<?xml version="1.0" encoding="UTF-8"?>
<!-- Generated by org.testng.reporters.JUnitXMLReporter -->
<testsuite ignored="0" hostname="DESKTOP-J47KP1R" failures="0" tests="2" name="Default test" time="1.768" errors="0" timestamp="26 Jun 2024 06:23:00 GMT">
  <testcase classname="com.orangehrm.app.testCases.BaseClass" name="@BeforeSuite setUp" time="0.0">
    <failure type="org.testng.TestNGException" message="
Parameter &amp;apos;browser&amp;apos; is required by BeforeSuite on method setUp but has not been marked @Optional or defined
in C:\Users\SSD\AppData\Local\Temp\testng-eclipse-1420644557\testng-customsuite.xml">
      <![CDATA[org.testng.TestNGException: 
Parameter 'browser' is required by BeforeSuite on method setUp but has not been marked @Optional or defined
in C:\Users\SSD\AppData\Local\Temp\testng-eclipse-1420644557\testng-customsuite.xml
at org.testng.internal.Parameters.createParams(Parameters.java:290)
at org.testng.internal.Parameters.createParametersForMethod(Parameters.java:359)
at org.testng.internal.Parameters.createParameters(Parameters.java:620)
at org.testng.internal.Parameters.createConfigurationParameters(Parameters.java:190)
at org.testng.internal.Invoker.invokeConfigurations(Invoker.java:209)
at org.testng.internal.Invoker.invokeConfigurations(Invoker.java:142)
at org.testng.SuiteRunner.privateRun(SuiteRunner.java:401)
at org.testng.SuiteRunner.run(SuiteRunner.java:364)
at org.testng.SuiteRunnerWorker.runSuite(SuiteRunnerWorker.java:52)
at org.testng.SuiteRunnerWorker.run(SuiteRunnerWorker.java:84)
at org.testng.TestNG.runSuitesSequentially(TestNG.java:1208)
at org.testng.TestNG.runSuitesLocally(TestNG.java:1137)
at org.testng.TestNG.runSuites(TestNG.java:1049)
at org.testng.TestNG.run(TestNG.java:1017)
at org.testng.remote.AbstractRemoteTestNG.run(AbstractRemoteTestNG.java:115)
at org.testng.remote.RemoteTestNG.initAndRun(RemoteTestNG.java:251)
at org.testng.remote.RemoteTestNG.main(RemoteTestNG.java:77)
]]>
    </failure>
  </testcase> <!-- @BeforeSuite setUp -->
  <testcase classname="com.orangehrm.app.testCases.BaseClass" name="@AfterMethod extenrWriting" time="0.0">
    <skipped/>
  </testcase> <!-- @AfterMethod extenrWriting -->
  <testcase classname="com.orangehrm.app.testCases.BaseClass" name="@AfterMethod extenrWriting" time="0.0">
    <skipped/>
  </testcase> <!-- @AfterMethod extenrWriting -->
  <testcase classname="com.orangehrm.app.testCases.MyinfoAddDepndencies" name="validateAddDependencies" time="0.0">
    <skipped/>
  </testcase> <!-- validateAddDependencies -->
  <testcase classname="com.orangehrm.app.testCases.MyinfoAddDepndencies" name="validateAddDependencies" time="0.0">
    <skipped/>
  </testcase> <!-- validateAddDependencies -->
</testsuite> <!-- Default test -->
